<?xml version="1.0" encoding="UTF-8"?>
<testsuite name="CalculadoraTest" tests="1" skipped="0" failures="0" errors="0" timestamp="2024-01-30T00:51:17" hostname="MacBook-Pro-de-Elmer.local" time="0.008">
  <properties/>
  <testcase name="sumaTest()" classname="CalculadoraTest" time="0.008"/>
  <system-out><![CDATA[]]></system-out>
  <system-err><![CDATA[]]></system-err>
</testsuite>
